<?xml version="1.0" encoding="UTF-8"?>
<!-- Generated by org.testng.reporters.JUnitReportReporter -->
<testsuite skipped="0" hostname="Dmazes-MacBook-Pro.local" name="com.pack.test1.SearchuserTest" tests="1" failures="0" timestamp="2020-08-24T13:31:13 EDT" time="0.684" errors="0">
  <testcase name="searchemployee" time="0.684" classname="com.pack.test1.SearchuserTest"/>
  <system-out/>
</testsuite> <!-- com.pack.test1.SearchuserTest -->
